[INFO] Scanning for projects...
[INFO] 
[INFO] ----------------------< com.surakshapay:backend >-----------------------
[INFO] Building backend 0.0.1-SNAPSHOT
[INFO]   from pom.xml
[INFO] --------------------------------[ jar ]---------------------------------
[INFO] 
[INFO] --- clean:3.4.1:clean (default-clean) @ backend ---
[INFO] Deleting C:\project\suraksha_pay\surakshapay-backend\target
[INFO] 
[INFO] --- resources:3.3.1:resources (default-resources) @ backend ---
[INFO] Copying 1 resource from src\main\resources to target\classes
[INFO] Copying 0 resource from src\main\resources to target\classes
[INFO] 
[INFO] --- compiler:3.13.0:compile (default-compile) @ backend ---
[INFO] Recompiling the module because of changed source code.
[INFO] Compiling 27 source files with javac [debug parameters release 17] to target\classes
[INFO] -------------------------------------------------------------
[WARNING] COMPILATION WARNING : 
[INFO] -------------------------------------------------------------
[WARNING] /C:/project/suraksha_pay/surakshapay-backend/src/main/java/com/surakshapay/backend/security/WebSecurityConfig.java:[51,13] cors() in org.springframework.security.config.annotation.web.builders.HttpSecurity has been deprecated and marked for removal
[WARNING] /C:/project/suraksha_pay/surakshapay-backend/src/main/java/com/surakshapay/backend/security/WebSecurityConfig.java:[51,20] and() in org.springframework.security.config.annotation.SecurityConfigurerAdapter has been deprecated and marked for removal
[WARNING] /C:/project/suraksha_pay/surakshapay-backend/src/main/java/com/surakshapay/backend/security/WebSecurityConfig.java:[51,26] csrf() in org.springframework.security.config.annotation.web.builders.HttpSecurity has been deprecated and marked for removal
[WARNING] /C:/project/suraksha_pay/surakshapay-backend/src/main/java/com/surakshapay/backend/security/WebSecurityConfig.java:[52,13] sessionManagement() in org.springframework.security.config.annotation.web.builders.HttpSecurity has been deprecated and marked for removal
[WARNING] /C:/project/suraksha_pay/surakshapay-backend/src/main/java/com/surakshapay/backend/security/WebSecurityConfig.java:[52,88] and() in org.springframework.security.config.annotation.SecurityConfigurerAdapter has been deprecated and marked for removal
[WARNING] /C:/project/suraksha_pay/surakshapay-backend/src/main/java/com/surakshapay/backend/security/WebSecurityConfig.java:[53,13] authorizeHttpRequests() in org.springframework.security.config.annotation.web.builders.HttpSecurity has been deprecated and marked for removal
[INFO] 6 warnings 
[INFO] -------------------------------------------------------------
[INFO] -------------------------------------------------------------
[ERROR] COMPILATION ERROR : 
[INFO] -------------------------------------------------------------
[ERROR] /C:/project/suraksha_pay/surakshapay-backend/src/main/java/com/surakshapay/backend/controllers/AuthController.java:[58,28] cannot find symbol
  symbol:   method getEmail()
  location: variable userDetails of type com.surakshapay.backend.security.UserDetailsImpl
[INFO] 1 error
[INFO] -------------------------------------------------------------
[INFO] ------------------------------------------------------------------------
[INFO] BUILD FAILURE
[INFO] ------------------------------------------------------------------------
[INFO] Total time:  7.323 s
[INFO] Finished at: 2026-03-19T15:18:07+05:30
[INFO] ------------------------------------------------------------------------
[ERROR] Failed to execute goal org.apache.maven.plugins:maven-compiler-plugin:3.13.0:compile (default-compile) on project backend: Compilation failure
[ERROR] /C:/project/suraksha_pay/surakshapay-backend/src/main/java/com/surakshapay/backend/controllers/AuthController.java:[58,28] cannot find symbol
[ERROR]   symbol:   method getEmail()
[ERROR]   location: variable userDetails of type com.surakshapay.backend.security.UserDetailsImpl
[ERROR] -> [Help 1]
[ERROR] 
[ERROR] To see the full stack trace of the errors, re-run Maven with the -e switch.
[ERROR] Re-run Maven using the -X switch to enable full debug logging.
[ERROR] 
[ERROR] For more information about the errors and possible solutions, please read the following articles:
[ERROR] [Help 1] http://cwiki.apache.org/confluence/display/MAVEN/MojoFailureException
